{"$message_type":"diagnostic","message":"found invalid metadata files for crate `toml_writer`","code":{"code":"E0786","explanation":"A metadata file was invalid.\n\nErroneous code example:\n\n```ignore (needs extern files)\nuse ::foo; // error: found invalid metadata files for crate `foo`\n```\n\nWhen loading crates, each crate must have a valid metadata file.\nInvalid files could be caused by filesystem corruption,\nan IO error while reading the file, or (rarely) a bug in the compiler itself.\n\nConsider deleting the file and recreating it,\nor reporting a bug against the compiler.\n"},"level":"error","spans":[{"file_name":"C:\\Users\\nacho\\.cargo\\registry\\src\\index.crates.io-1949cf8c6b5b557f\\toml_edit-0.24.1+spec-1.1.0\\src\\encode.rs","byte_start":107,"byte_end":118,"line_start":5,"line_end":5,"column_start":5,"column_end":16,"is_primary":true,"text":[{"text":"use toml_writer::ToTomlValue as _;","highlight_start":5,"highlight_end":16}],"label":null,"suggested_replacement":null,"suggestion_applicability":null,"expansion":null}],"children":[{"message":"corrupt metadata encountered in \\\\?\\C:\\Users\\nacho\\Desktop\\Portafolio\\crystaltides\\target\\debug\\deps\\libtoml_writer-8385632f6b85b647.rmeta","code":null,"level":"note","spans":[],"children":[],"rendered":null}],"rendered":"\u001b[1m\u001b[91merror[E0786]\u001b[0m\u001b[1m\u001b[97m: found invalid metadata files for crate `toml_writer`\u001b[0m\n \u001b[1m\u001b[96m--> \u001b[0mC:\\Users\\nacho\\.cargo\\registry\\src\\index.crates.io-1949cf8c6b5b557f\\toml_edit-0.24.1+spec-1.1.0\\src\\encode.rs:5:5\n  \u001b[1m\u001b[96m|\u001b[0m\n\u001b[1m\u001b[96m5\u001b[0m \u001b[1m\u001b[96m|\u001b[0m use toml_writer::ToTomlValue as _;\n  \u001b[1m\u001b[96m|\u001b[0m     \u001b[1m\u001b[91m^^^^^^^^^^^\u001b[0m\n  \u001b[1m\u001b[96m|\u001b[0m\n  \u001b[1m\u001b[96m= \u001b[0m\u001b[1m\u001b[97mnote\u001b[0m: corrupt metadata encountered in \\\\?\\C:\\Users\\nacho\\Desktop\\Portafolio\\crystaltides\\target\\debug\\deps\\libtoml_writer-8385632f6b85b647.rmeta\n\n"}
{"$message_type":"diagnostic","message":"no method named `key_sep` found for mutable reference `&mut dyn std::fmt::Write` in the current scope","code":{"code":"E0599","explanation":"This error occurs when a method is used on a type which doesn't implement it:\n\nErroneous code example:\n\n```compile_fail,E0599\nstruct Mouth;\n\nlet x = Mouth;\nx.chocolate(); // error: no method named `chocolate` found for type `Mouth`\n               //        in the current scope\n```\n\nIn this case, you need to implement the `chocolate` method to fix the error:\n\n```\nstruct Mouth;\n\nimpl Mouth {\n    fn chocolate(&self) { // We implement the `chocolate` method here.\n        println!(\"Hmmm! I love chocolate!\");\n    }\n}\n\nlet x = Mouth;\nx.chocolate(); // ok!\n```\n"},"level":"error","spans":[{"file_name":"C:\\Users\\nacho\\.cargo\\registry\\src\\index.crates.io-1949cf8c6b5b557f\\toml_edit-0.24.1+spec-1.1.0\\src\\encode.rs","byte_start":1499,"byte_end":1506,"line_start":51,"line_end":51,"column_start":17,"column_end":24,"is_primary":true,"text":[{"text":"            buf.key_sep()?;","highlight_start":17,"highlight_end":24}],"label":"method not found in `&mut dyn std::fmt::Write`","suggested_replacement":null,"suggestion_applicability":null,"expansion":null}],"children":[],"rendered":"\u001b[1m\u001b[91merror[E0599]\u001b[0m\u001b[1m\u001b[97m: no method named `key_sep` found for mutable reference `&mut dyn std::fmt::Write` in the current scope\u001b[0m\n  \u001b[1m\u001b[96m--> \u001b[0mC:\\Users\\nacho\\.cargo\\registry\\src\\index.crates.io-1949cf8c6b5b557f\\toml_edit-0.24.1+spec-1.1.0\\src\\encode.rs:51:17\n   \u001b[1m\u001b[96m|\u001b[0m\n\u001b[1m\u001b[96m51\u001b[0m \u001b[1m\u001b[96m|\u001b[0m             buf.key_sep()?;\n   \u001b[1m\u001b[96m|\u001b[0m                 \u001b[1m\u001b[91m^^^^^^^\u001b[0m \u001b[1m\u001b[91mmethod not found in `&mut dyn std::fmt::Write`\u001b[0m\n\n"}
{"$message_type":"diagnostic","message":"no method named `key_sep` found for mutable reference `&mut dyn std::fmt::Write` in the current scope","code":{"code":"E0599","explanation":"This error occurs when a method is used on a type which doesn't implement it:\n\nErroneous code example:\n\n```compile_fail,E0599\nstruct Mouth;\n\nlet x = Mouth;\nx.chocolate(); // error: no method named `chocolate` found for type `Mouth`\n               //        in the current scope\n```\n\nIn this case, you need to implement the `chocolate` method to fix the error:\n\n```\nstruct Mouth;\n\nimpl Mouth {\n    fn chocolate(&self) { // We implement the `chocolate` method here.\n        println!(\"Hmmm! I love chocolate!\");\n    }\n}\n\nlet x = Mouth;\nx.chocolate(); // ok!\n```\n"},"level":"error","spans":[{"file_name":"C:\\Users\\nacho\\.cargo\\registry\\src\\index.crates.io-1949cf8c6b5b557f\\toml_edit-0.24.1+spec-1.1.0\\src\\encode.rs","byte_start":2371,"byte_end":2378,"line_start":82,"line_end":82,"column_start":17,"column_end":24,"is_primary":true,"text":[{"text":"            buf.key_sep()?;","highlight_start":17,"highlight_end":24}],"label":"method not found in `&mut dyn std::fmt::Write`","suggested_replacement":null,"suggestion_applicability":null,"expansion":null}],"children":[],"rendered":"\u001b[1m\u001b[91merror[E0599]\u001b[0m\u001b[1m\u001b[97m: no method named `key_sep` found for mutable reference `&mut dyn std::fmt::Write` in the current scope\u001b[0m\n  \u001b[1m\u001b[96m--> \u001b[0mC:\\Users\\nacho\\.cargo\\registry\\src\\index.crates.io-1949cf8c6b5b557f\\toml_edit-0.24.1+spec-1.1.0\\src\\encode.rs:82:17\n   \u001b[1m\u001b[96m|\u001b[0m\n\u001b[1m\u001b[96m82\u001b[0m \u001b[1m\u001b[96m|\u001b[0m             buf.key_sep()?;\n   \u001b[1m\u001b[96m|\u001b[0m                 \u001b[1m\u001b[91m^^^^^^^\u001b[0m \u001b[1m\u001b[91mmethod not found in `&mut dyn std::fmt::Write`\u001b[0m\n\n"}
{"$message_type":"diagnostic","message":"no method named `open_array` found for mutable reference `&mut dyn std::fmt::Write` in the current scope","code":{"code":"E0599","explanation":"This error occurs when a method is used on a type which doesn't implement it:\n\nErroneous code example:\n\n```compile_fail,E0599\nstruct Mouth;\n\nlet x = Mouth;\nx.chocolate(); // error: no method named `chocolate` found for type `Mouth`\n               //        in the current scope\n```\n\nIn this case, you need to implement the `chocolate` method to fix the error:\n\n```\nstruct Mouth;\n\nimpl Mouth {\n    fn chocolate(&self) { // We implement the `chocolate` method here.\n        println!(\"Hmmm! I love chocolate!\");\n    }\n}\n\nlet x = Mouth;\nx.chocolate(); // ok!\n```\n"},"level":"error","spans":[{"file_name":"C:\\Users\\nacho\\.cargo\\registry\\src\\index.crates.io-1949cf8c6b5b557f\\toml_edit-0.24.1+spec-1.1.0\\src\\encode.rs","byte_start":3591,"byte_end":3601,"line_start":129,"line_end":129,"column_start":9,"column_end":19,"is_primary":true,"text":[{"text":"    buf.open_array()?;","highlight_start":9,"highlight_end":19}],"label":"method not found in `&mut dyn std::fmt::Write`","suggested_replacement":null,"suggestion_applicability":null,"expansion":null}],"children":[],"rendered":"\u001b[1m\u001b[91merror[E0599]\u001b[0m\u001b[1m\u001b[97m: no method named `open_array` found for mutable reference `&mut dyn std::fmt::Write` in the current scope\u001b[0m\n   \u001b[1m\u001b[96m--> \u001b[0mC:\\Users\\nacho\\.cargo\\registry\\src\\index.crates.io-1949cf8c6b5b557f\\toml_edit-0.24.1+spec-1.1.0\\src\\encode.rs:129:9\n    \u001b[1m\u001b[96m|\u001b[0m\n\u001b[1m\u001b[96m129\u001b[0m \u001b[1m\u001b[96m|\u001b[0m     buf.open_array()?;\n    \u001b[1m\u001b[96m|\u001b[0m         \u001b[1m\u001b[91m^^^^^^^^^^\u001b[0m \u001b[1m\u001b[91mmethod not found in `&mut dyn std::fmt::Write`\u001b[0m\n\n"}
{"$message_type":"diagnostic","message":"no method named `val_sep` found for mutable reference `&mut dyn std::fmt::Write` in the current scope","code":{"code":"E0599","explanation":"This error occurs when a method is used on a type which doesn't implement it:\n\nErroneous code example:\n\n```compile_fail,E0599\nstruct Mouth;\n\nlet x = Mouth;\nx.chocolate(); // error: no method named `chocolate` found for type `Mouth`\n               //        in the current scope\n```\n\nIn this case, you need to implement the `chocolate` method to fix the error:\n\n```\nstruct Mouth;\n\nimpl Mouth {\n    fn chocolate(&self) { // We implement the `chocolate` method here.\n        println!(\"Hmmm! I love chocolate!\");\n    }\n}\n\nlet x = Mouth;\nx.chocolate(); // ok!\n```\n"},"level":"error","spans":[{"file_name":"C:\\Users\\nacho\\.cargo\\registry\\src\\index.crates.io-1949cf8c6b5b557f\\toml_edit-0.24.1+spec-1.1.0\\src\\encode.rs","byte_start":3834,"byte_end":3841,"line_start":137,"line_end":137,"column_start":17,"column_end":24,"is_primary":true,"text":[{"text":"            buf.val_sep()?;","highlight_start":17,"highlight_end":24}],"label":"method not found in `&mut dyn std::fmt::Write`","suggested_replacement":null,"suggestion_applicability":null,"expansion":null}],"children":[],"rendered":"\u001b[1m\u001b[91merror[E0599]\u001b[0m\u001b[1m\u001b[97m: no method named `val_sep` found for mutable reference `&mut dyn std::fmt::Write` in the current scope\u001b[0m\n   \u001b[1m\u001b[96m--> \u001b[0mC:\\Users\\nacho\\.cargo\\registry\\src\\index.crates.io-1949cf8c6b5b557f\\toml_edit-0.24.1+spec-1.1.0\\src\\encode.rs:137:17\n    \u001b[1m\u001b[96m|\u001b[0m\n\u001b[1m\u001b[96m137\u001b[0m \u001b[1m\u001b[96m|\u001b[0m             buf.val_sep()?;\n    \u001b[1m\u001b[96m|\u001b[0m                 \u001b[1m\u001b[91m^^^^^^^\u001b[0m \u001b[1m\u001b[91mmethod not found in `&mut dyn std::fmt::Write`\u001b[0m\n\n"}
{"$message_type":"diagnostic","message":"no method named `val_sep` found for mutable reference `&mut dyn std::fmt::Write` in the current scope","code":{"code":"E0599","explanation":"This error occurs when a method is used on a type which doesn't implement it:\n\nErroneous code example:\n\n```compile_fail,E0599\nstruct Mouth;\n\nlet x = Mouth;\nx.chocolate(); // error: no method named `chocolate` found for type `Mouth`\n               //        in the current scope\n```\n\nIn this case, you need to implement the `chocolate` method to fix the error:\n\n```\nstruct Mouth;\n\nimpl Mouth {\n    fn chocolate(&self) { // We implement the `chocolate` method here.\n        println!(\"Hmmm! I love chocolate!\");\n    }\n}\n\nlet x = Mouth;\nx.chocolate(); // ok!\n```\n"},"level":"error","spans":[{"file_name":"C:\\Users\\nacho\\.cargo\\registry\\src\\index.crates.io-1949cf8c6b5b557f\\toml_edit-0.24.1+spec-1.1.0\\src\\encode.rs","byte_start":3979,"byte_end":3986,"line_start":142,"line_end":142,"column_start":13,"column_end":20,"is_primary":true,"text":[{"text":"        buf.val_sep()?;","highlight_start":13,"highlight_end":20}],"label":"method not found in `&mut dyn std::fmt::Write`","suggested_replacement":null,"suggestion_applicability":null,"expansion":null}],"children":[],"rendered":"\u001b[1m\u001b[91merror[E0599]\u001b[0m\u001b[1m\u001b[97m: no method named `val_sep` found for mutable reference `&mut dyn std::fmt::Write` in the current scope\u001b[0m\n   \u001b[1m\u001b[96m--> \u001b[0mC:\\Users\\nacho\\.cargo\\registry\\src\\index.crates.io-1949cf8c6b5b557f\\toml_edit-0.24.1+spec-1.1.0\\src\\encode.rs:142:13\n    \u001b[1m\u001b[96m|\u001b[0m\n\u001b[1m\u001b[96m142\u001b[0m \u001b[1m\u001b[96m|\u001b[0m         buf.val_sep()?;\n    \u001b[1m\u001b[96m|\u001b[0m             \u001b[1m\u001b[91m^^^^^^^\u001b[0m \u001b[1m\u001b[91mmethod not found in `&mut dyn std::fmt::Write`\u001b[0m\n\n"}
{"$message_type":"diagnostic","message":"no method named `close_array` found for mutable reference `&mut dyn std::fmt::Write` in the current scope","code":{"code":"E0599","explanation":"This error occurs when a method is used on a type which doesn't implement it:\n\nErroneous code example:\n\n```compile_fail,E0599\nstruct Mouth;\n\nlet x = Mouth;\nx.chocolate(); // error: no method named `chocolate` found for type `Mouth`\n               //        in the current scope\n```\n\nIn this case, you need to implement the `chocolate` method to fix the error:\n\n```\nstruct Mouth;\n\nimpl Mouth {\n    fn chocolate(&self) { // We implement the `chocolate` method here.\n        println!(\"Hmmm! I love chocolate!\");\n    }\n}\n\nlet x = Mouth;\nx.chocolate(); // ok!\n```\n"},"level":"error","spans":[{"file_name":"C:\\Users\\nacho\\.cargo\\registry\\src\\index.crates.io-1949cf8c6b5b557f\\toml_edit-0.24.1+spec-1.1.0\\src\\encode.rs","byte_start":4064,"byte_end":4075,"line_start":146,"line_end":146,"column_start":9,"column_end":20,"is_primary":true,"text":[{"text":"    buf.close_array()?;","highlight_start":9,"highlight_end":20}],"label":"method not found in `&mut dyn std::fmt::Write`","suggested_replacement":null,"suggestion_applicability":null,"expansion":null}],"children":[],"rendered":"\u001b[1m\u001b[91merror[E0599]\u001b[0m\u001b[1m\u001b[97m: no method named `close_array` found for mutable reference `&mut dyn std::fmt::Write` in the current scope\u001b[0m\n   \u001b[1m\u001b[96m--> \u001b[0mC:\\Users\\nacho\\.cargo\\registry\\src\\index.crates.io-1949cf8c6b5b557f\\toml_edit-0.24.1+spec-1.1.0\\src\\encode.rs:146:9\n    \u001b[1m\u001b[96m|\u001b[0m\n\u001b[1m\u001b[96m146\u001b[0m \u001b[1m\u001b[96m|\u001b[0m     buf.close_array()?;\n    \u001b[1m\u001b[96m|\u001b[0m         \u001b[1m\u001b[91m^^^^^^^^^^^\u001b[0m \u001b[1m\u001b[91mmethod not found in `&mut dyn std::fmt::Write`\u001b[0m\n\n"}
{"$message_type":"diagnostic","message":"no method named `open_inline_table` found for mutable reference `&mut dyn std::fmt::Write` in the current scope","code":{"code":"E0599","explanation":"This error occurs when a method is used on a type which doesn't implement it:\n\nErroneous code example:\n\n```compile_fail,E0599\nstruct Mouth;\n\nlet x = Mouth;\nx.chocolate(); // error: no method named `chocolate` found for type `Mouth`\n               //        in the current scope\n```\n\nIn this case, you need to implement the `chocolate` method to fix the error:\n\n```\nstruct Mouth;\n\nimpl Mouth {\n    fn chocolate(&self) { // We implement the `chocolate` method here.\n        println!(\"Hmmm! I love chocolate!\");\n    }\n}\n\nlet x = Mouth;\nx.chocolate(); // ok!\n```\n"},"level":"error","spans":[{"file_name":"C:\\Users\\nacho\\.cargo\\registry\\src\\index.crates.io-1949cf8c6b5b557f\\toml_edit-0.24.1+spec-1.1.0\\src\\encode.rs","byte_start":4396,"byte_end":4413,"line_start":160,"line_end":160,"column_start":9,"column_end":26,"is_primary":true,"text":[{"text":"    buf.open_inline_table()?;","highlight_start":9,"highlight_end":26}],"label":"method not found in `&mut dyn std::fmt::Write`","suggested_replacement":null,"suggestion_applicability":null,"expansion":null}],"children":[],"rendered":"\u001b[1m\u001b[91merror[E0599]\u001b[0m\u001b[1m\u001b[97m: no method named `open_inline_table` found for mutable reference `&mut dyn std::fmt::Write` in the current scope\u001b[0m\n   \u001b[1m\u001b[96m--> \u001b[0mC:\\Users\\nacho\\.cargo\\registry\\src\\index.crates.io-1949cf8c6b5b557f\\toml_edit-0.24.1+spec-1.1.0\\src\\encode.rs:160:9\n    \u001b[1m\u001b[96m|\u001b[0m\n\u001b[1m\u001b[96m160\u001b[0m \u001b[1m\u001b[96m|\u001b[0m     buf.open_inline_table()?;\n    \u001b[1m\u001b[96m|\u001b[0m         \u001b[1m\u001b[91m^^^^^^^^^^^^^^^^^\u001b[0m \u001b[1m\u001b[91mmethod not found in `&mut dyn std::fmt::Write`\u001b[0m\n\n"}
{"$message_type":"diagnostic","message":"no method named `val_sep` found for mutable reference `&mut dyn std::fmt::Write` in the current scope","code":{"code":"E0599","explanation":"This error occurs when a method is used on a type which doesn't implement it:\n\nErroneous code example:\n\n```compile_fail,E0599\nstruct Mouth;\n\nlet x = Mouth;\nx.chocolate(); // error: no method named `chocolate` found for type `Mouth`\n               //        in the current scope\n```\n\nIn this case, you need to implement the `chocolate` method to fix the error:\n\n```\nstruct Mouth;\n\nimpl Mouth {\n    fn chocolate(&self) { // We implement the `chocolate` method here.\n        println!(\"Hmmm! I love chocolate!\");\n    }\n}\n\nlet x = Mouth;\nx.chocolate(); // ok!\n```\n"},"level":"error","spans":[{"file_name":"C:\\Users\\nacho\\.cargo\\registry\\src\\index.crates.io-1949cf8c6b5b557f\\toml_edit-0.24.1+spec-1.1.0\\src\\encode.rs","byte_start":4592,"byte_end":4599,"line_start":166,"line_end":166,"column_start":17,"column_end":24,"is_primary":true,"text":[{"text":"            buf.val_sep()?;","highlight_start":17,"highlight_end":24}],"label":"method not found in `&mut dyn std::fmt::Write`","suggested_replacement":null,"suggestion_applicability":null,"expansion":null}],"children":[],"rendered":"\u001b[1m\u001b[91merror[E0599]\u001b[0m\u001b[1m\u001b[97m: no method named `val_sep` found for mutable reference `&mut dyn std::fmt::Write` in the current scope\u001b[0m\n   \u001b[1m\u001b[96m--> \u001b[0mC:\\Users\\nacho\\.cargo\\registry\\src\\index.crates.io-1949cf8c6b5b557f\\toml_edit-0.24.1+spec-1.1.0\\src\\encode.rs:166:17\n    \u001b[1m\u001b[96m|\u001b[0m\n\u001b[1m\u001b[96m166\u001b[0m \u001b[1m\u001b[96m|\u001b[0m             buf.val_sep()?;\n    \u001b[1m\u001b[96m|\u001b[0m                 \u001b[1m\u001b[91m^^^^^^^\u001b[0m \u001b[1m\u001b[91mmethod not found in `&mut dyn std::fmt::Write`\u001b[0m\n\n"}
{"$message_type":"diagnostic","message":"no method named `keyval_sep` found for mutable reference `&mut dyn std::fmt::Write` in the current scope","code":{"code":"E0599","explanation":"This error occurs when a method is used on a type which doesn't implement it:\n\nErroneous code example:\n\n```compile_fail,E0599\nstruct Mouth;\n\nlet x = Mouth;\nx.chocolate(); // error: no method named `chocolate` found for type `Mouth`\n               //        in the current scope\n```\n\nIn this case, you need to implement the `chocolate` method to fix the error:\n\n```\nstruct Mouth;\n\nimpl Mouth {\n    fn chocolate(&self) { // We implement the `chocolate` method here.\n        println!(\"Hmmm! I love chocolate!\");\n    }\n}\n\nlet x = Mouth;\nx.chocolate(); // ok!\n```\n"},"level":"error","spans":[{"file_name":"C:\\Users\\nacho\\.cargo\\registry\\src\\index.crates.io-1949cf8c6b5b557f\\toml_edit-0.24.1+spec-1.1.0\\src\\encode.rs","byte_start":4850,"byte_end":4860,"line_start":174,"line_end":174,"column_start":13,"column_end":23,"is_primary":true,"text":[{"text":"        buf.keyval_sep()?;","highlight_start":13,"highlight_end":23}],"label":"method not found in `&mut dyn std::fmt::Write`","suggested_replacement":null,"suggestion_applicability":null,"expansion":null}],"children":[],"rendered":"\u001b[1m\u001b[91merror[E0599]\u001b[0m\u001b[1m\u001b[97m: no method named `keyval_sep` found for mutable reference `&mut dyn std::fmt::Write` in the current scope\u001b[0m\n   \u001b[1m\u001b[96m--> \u001b[0mC:\\Users\\nacho\\.cargo\\registry\\src\\index.crates.io-1949cf8c6b5b557f\\toml_edit-0.24.1+spec-1.1.0\\src\\encode.rs:174:13\n    \u001b[1m\u001b[96m|\u001b[0m\n\u001b[1m\u001b[96m174\u001b[0m \u001b[1m\u001b[96m|\u001b[0m         buf.keyval_sep()?;\n    \u001b[1m\u001b[96m|\u001b[0m             \u001b[1m\u001b[91m^^^^^^^^^^\u001b[0m \u001b[1m\u001b[91mmethod not found in `&mut dyn std::fmt::Write`\u001b[0m\n\n"}
{"$message_type":"diagnostic","message":"no method named `val_sep` found for mutable reference `&mut dyn std::fmt::Write` in the current scope","code":{"code":"E0599","explanation":"This error occurs when a method is used on a type which doesn't implement it:\n\nErroneous code example:\n\n```compile_fail,E0599\nstruct Mouth;\n\nlet x = Mouth;\nx.chocolate(); // error: no method named `chocolate` found for type `Mouth`\n               //        in the current scope\n```\n\nIn this case, you need to implement the `chocolate` method to fix the error:\n\n```\nstruct Mouth;\n\nimpl Mouth {\n    fn chocolate(&self) { // We implement the `chocolate` method here.\n        println!(\"Hmmm! I love chocolate!\");\n    }\n}\n\nlet x = Mouth;\nx.chocolate(); // ok!\n```\n"},"level":"error","spans":[{"file_name":"C:\\Users\\nacho\\.cargo\\registry\\src\\index.crates.io-1949cf8c6b5b557f\\toml_edit-0.24.1+spec-1.1.0\\src\\encode.rs","byte_start":4989,"byte_end":4996,"line_start":178,"line_end":178,"column_start":13,"column_end":20,"is_primary":true,"text":[{"text":"        buf.val_sep()?;","highlight_start":13,"highlight_end":20}],"label":"method not found in `&mut dyn std::fmt::Write`","suggested_replacement":null,"suggestion_applicability":null,"expansion":null}],"children":[],"rendered":"\u001b[1m\u001b[91merror[E0599]\u001b[0m\u001b[1m\u001b[97m: no method named `val_sep` found for mutable reference `&mut dyn std::fmt::Write` in the current scope\u001b[0m\n   \u001b[1m\u001b[96m--> \u001b[0mC:\\Users\\nacho\\.cargo\\registry\\src\\index.crates.io-1949cf8c6b5b557f\\toml_edit-0.24.1+spec-1.1.0\\src\\encode.rs:178:13\n    \u001b[1m\u001b[96m|\u001b[0m\n\u001b[1m\u001b[96m178\u001b[0m \u001b[1m\u001b[96m|\u001b[0m         buf.val_sep()?;\n    \u001b[1m\u001b[96m|\u001b[0m             \u001b[1m\u001b[91m^^^^^^^\u001b[0m \u001b[1m\u001b[91mmethod not found in `&mut dyn std::fmt::Write`\u001b[0m\n\n"}
{"$message_type":"diagnostic","message":"no method named `close_inline_table` found for mutable reference `&mut dyn std::fmt::Write` in the current scope","code":{"code":"E0599","explanation":"This error occurs when a method is used on a type which doesn't implement it:\n\nErroneous code example:\n\n```compile_fail,E0599\nstruct Mouth;\n\nlet x = Mouth;\nx.chocolate(); // error: no method named `chocolate` found for type `Mouth`\n               //        in the current scope\n```\n\nIn this case, you need to implement the `chocolate` method to fix the error:\n\n```\nstruct Mouth;\n\nimpl Mouth {\n    fn chocolate(&self) { // We implement the `chocolate` method here.\n        println!(\"Hmmm! I love chocolate!\");\n    }\n}\n\nlet x = Mouth;\nx.chocolate(); // ok!\n```\n"},"level":"error","spans":[{"file_name":"C:\\Users\\nacho\\.cargo\\registry\\src\\index.crates.io-1949cf8c6b5b557f\\toml_edit-0.24.1+spec-1.1.0\\src\\encode.rs","byte_start":5074,"byte_end":5092,"line_start":182,"line_end":182,"column_start":9,"column_end":27,"is_primary":true,"text":[{"text":"    buf.close_inline_table()?;","highlight_start":9,"highlight_end":27}],"label":"method not found in `&mut dyn std::fmt::Write`","suggested_replacement":null,"suggestion_applicability":null,"expansion":null}],"children":[],"rendered":"\u001b[1m\u001b[91merror[E0599]\u001b[0m\u001b[1m\u001b[97m: no method named `close_inline_table` found for mutable reference `&mut dyn std::fmt::Write` in the current scope\u001b[0m\n   \u001b[1m\u001b[96m--> \u001b[0mC:\\Users\\nacho\\.cargo\\registry\\src\\index.crates.io-1949cf8c6b5b557f\\toml_edit-0.24.1+spec-1.1.0\\src\\encode.rs:182:9\n    \u001b[1m\u001b[96m|\u001b[0m\n\u001b[1m\u001b[96m182\u001b[0m \u001b[1m\u001b[96m|\u001b[0m     buf.close_inline_table()?;\n    \u001b[1m\u001b[96m|\u001b[0m         \u001b[1m\u001b[91m^^^^^^^^^^^^^^^^^^\u001b[0m \u001b[1m\u001b[91mmethod not found in `&mut dyn std::fmt::Write`\u001b[0m\n\n"}
{"$message_type":"diagnostic","message":"no method named `open_array_of_tables_header` found for mutable reference `&mut dyn std::fmt::Write` in the current scope","code":{"code":"E0599","explanation":"This error occurs when a method is used on a type which doesn't implement it:\n\nErroneous code example:\n\n```compile_fail,E0599\nstruct Mouth;\n\nlet x = Mouth;\nx.chocolate(); // error: no method named `chocolate` found for type `Mouth`\n               //        in the current scope\n```\n\nIn this case, you need to implement the `chocolate` method to fix the error:\n\n```\nstruct Mouth;\n\nimpl Mouth {\n    fn chocolate(&self) { // We implement the `chocolate` method here.\n        println!(\"Hmmm! I love chocolate!\");\n    }\n}\n\nlet x = Mouth;\nx.chocolate(); // ok!\n```\n"},"level":"error","spans":[{"file_name":"C:\\Users\\nacho\\.cargo\\registry\\src\\index.crates.io-1949cf8c6b5b557f\\toml_edit-0.24.1+spec-1.1.0\\src\\encode.rs","byte_start":9007,"byte_end":9034,"line_start":300,"line_end":300,"column_start":13,"column_end":40,"is_primary":true,"text":[{"text":"        buf.open_array_of_tables_header()?;","highlight_start":13,"highlight_end":40}],"label":"method not found in `&mut dyn std::fmt::Write`","suggested_replacement":null,"suggestion_applicability":null,"expansion":null}],"children":[],"rendered":"\u001b[1m\u001b[91merror[E0599]\u001b[0m\u001b[1m\u001b[97m: no method named `open_array_of_tables_header` found for mutable reference `&mut dyn std::fmt::Write` in the current scope\u001b[0m\n   \u001b[1m\u001b[96m--> \u001b[0mC:\\Users\\nacho\\.cargo\\registry\\src\\index.crates.io-1949cf8c6b5b557f\\toml_edit-0.24.1+spec-1.1.0\\src\\encode.rs:300:13\n    \u001b[1m\u001b[96m|\u001b[0m\n\u001b[1m\u001b[96m300\u001b[0m \u001b[1m\u001b[96m|\u001b[0m         buf.open_array_of_tables_header()?;\n    \u001b[1m\u001b[96m|\u001b[0m             \u001b[1m\u001b[91m^^^^^^^^^^^^^^^^^^^^^^^^^^^\u001b[0m \u001b[1m\u001b[91mmethod not found in `&mut dyn std::fmt::Write`\u001b[0m\n\n"}
{"$message_type":"diagnostic","message":"no method named `close_array_of_tables_header` found for mutable reference `&mut dyn std::fmt::Write` in the current scope","code":{"code":"E0599","explanation":"This error occurs when a method is used on a type which doesn't implement it:\n\nErroneous code example:\n\n```compile_fail,E0599\nstruct Mouth;\n\nlet x = Mouth;\nx.chocolate(); // error: no method named `chocolate` found for type `Mouth`\n               //        in the current scope\n```\n\nIn this case, you need to implement the `chocolate` method to fix the error:\n\n```\nstruct Mouth;\n\nimpl Mouth {\n    fn chocolate(&self) { // We implement the `chocolate` method here.\n        println!(\"Hmmm! I love chocolate!\");\n    }\n}\n\nlet x = Mouth;\nx.chocolate(); // ok!\n```\n"},"level":"error","spans":[{"file_name":"C:\\Users\\nacho\\.cargo\\registry\\src\\index.crates.io-1949cf8c6b5b557f\\toml_edit-0.24.1+spec-1.1.0\\src\\encode.rs","byte_start":9119,"byte_end":9147,"line_start":302,"line_end":302,"column_start":13,"column_end":41,"is_primary":true,"text":[{"text":"        buf.close_array_of_tables_header()?;","highlight_start":13,"highlight_end":41}],"label":"method not found in `&mut dyn std::fmt::Write`","suggested_replacement":null,"suggestion_applicability":null,"expansion":null}],"children":[],"rendered":"\u001b[1m\u001b[91merror[E0599]\u001b[0m\u001b[1m\u001b[97m: no method named `close_array_of_tables_header` found for mutable reference `&mut dyn std::fmt::Write` in the current scope\u001b[0m\n   \u001b[1m\u001b[96m--> \u001b[0mC:\\Users\\nacho\\.cargo\\registry\\src\\index.crates.io-1949cf8c6b5b557f\\toml_edit-0.24.1+spec-1.1.0\\src\\encode.rs:302:13\n    \u001b[1m\u001b[96m|\u001b[0m\n\u001b[1m\u001b[96m302\u001b[0m \u001b[1m\u001b[96m|\u001b[0m         buf.close_array_of_tables_header()?;\n    \u001b[1m\u001b[96m|\u001b[0m             \u001b[1m\u001b[91m^^^^^^^^^^^^^^^^^^^^^^^^^^^^\u001b[0m \u001b[1m\u001b[91mmethod not found in `&mut dyn std::fmt::Write`\u001b[0m\n\n"}
{"$message_type":"diagnostic","message":"no method named `open_table_header` found for mutable reference `&mut dyn std::fmt::Write` in the current scope","code":{"code":"E0599","explanation":"This error occurs when a method is used on a type which doesn't implement it:\n\nErroneous code example:\n\n```compile_fail,E0599\nstruct Mouth;\n\nlet x = Mouth;\nx.chocolate(); // error: no method named `chocolate` found for type `Mouth`\n               //        in the current scope\n```\n\nIn this case, you need to implement the `chocolate` method to fix the error:\n\n```\nstruct Mouth;\n\nimpl Mouth {\n    fn chocolate(&self) { // We implement the `chocolate` method here.\n        println!(\"Hmmm! I love chocolate!\");\n    }\n}\n\nlet x = Mouth;\nx.chocolate(); // ok!\n```\n"},"level":"error","spans":[{"file_name":"C:\\Users\\nacho\\.cargo\\registry\\src\\index.crates.io-1949cf8c6b5b557f\\toml_edit-0.24.1+spec-1.1.0\\src\\encode.rs","byte_start":9535,"byte_end":9552,"line_start":313,"line_end":313,"column_start":13,"column_end":30,"is_primary":true,"text":[{"text":"        buf.open_table_header()?;","highlight_start":13,"highlight_end":30}],"label":"method not found in `&mut dyn std::fmt::Write`","suggested_replacement":null,"suggestion_applicability":null,"expansion":null}],"children":[],"rendered":"\u001b[1m\u001b[91merror[E0599]\u001b[0m\u001b[1m\u001b[97m: no method named `open_table_header` found for mutable reference `&mut dyn std::fmt::Write` in the current scope\u001b[0m\n   \u001b[1m\u001b[96m--> \u001b[0mC:\\Users\\nacho\\.cargo\\registry\\src\\index.crates.io-1949cf8c6b5b557f\\toml_edit-0.24.1+spec-1.1.0\\src\\encode.rs:313:13\n    \u001b[1m\u001b[96m|\u001b[0m\n\u001b[1m\u001b[96m313\u001b[0m \u001b[1m\u001b[96m|\u001b[0m         buf.open_table_header()?;\n    \u001b[1m\u001b[96m|\u001b[0m             \u001b[1m\u001b[91m^^^^^^^^^^^^^^^^^\u001b[0m \u001b[1m\u001b[91mmethod not found in `&mut dyn std::fmt::Write`\u001b[0m\n\n"}
{"$message_type":"diagnostic","message":"no method named `close_table_header` found for mutable reference `&mut dyn std::fmt::Write` in the current scope","code":{"code":"E0599","explanation":"This error occurs when a method is used on a type which doesn't implement it:\n\nErroneous code example:\n\n```compile_fail,E0599\nstruct Mouth;\n\nlet x = Mouth;\nx.chocolate(); // error: no method named `chocolate` found for type `Mouth`\n               //        in the current scope\n```\n\nIn this case, you need to implement the `chocolate` method to fix the error:\n\n```\nstruct Mouth;\n\nimpl Mouth {\n    fn chocolate(&self) { // We implement the `chocolate` method here.\n        println!(\"Hmmm! I love chocolate!\");\n    }\n}\n\nlet x = Mouth;\nx.chocolate(); // ok!\n```\n"},"level":"error","spans":[{"file_name":"C:\\Users\\nacho\\.cargo\\registry\\src\\index.crates.io-1949cf8c6b5b557f\\toml_edit-0.24.1+spec-1.1.0\\src\\encode.rs","byte_start":9637,"byte_end":9655,"line_start":315,"line_end":315,"column_start":13,"column_end":31,"is_primary":true,"text":[{"text":"        buf.close_table_header()?;","highlight_start":13,"highlight_end":31}],"label":"method not found in `&mut dyn std::fmt::Write`","suggested_replacement":null,"suggestion_applicability":null,"expansion":null}],"children":[],"rendered":"\u001b[1m\u001b[91merror[E0599]\u001b[0m\u001b[1m\u001b[97m: no method named `close_table_header` found for mutable reference `&mut dyn std::fmt::Write` in the current scope\u001b[0m\n   \u001b[1m\u001b[96m--> \u001b[0mC:\\Users\\nacho\\.cargo\\registry\\src\\index.crates.io-1949cf8c6b5b557f\\toml_edit-0.24.1+spec-1.1.0\\src\\encode.rs:315:13\n    \u001b[1m\u001b[96m|\u001b[0m\n\u001b[1m\u001b[96m315\u001b[0m \u001b[1m\u001b[96m|\u001b[0m         buf.close_table_header()?;\n    \u001b[1m\u001b[96m|\u001b[0m             \u001b[1m\u001b[91m^^^^^^^^^^^^^^^^^^\u001b[0m \u001b[1m\u001b[91mmethod not found in `&mut dyn std::fmt::Write`\u001b[0m\n\n"}
{"$message_type":"diagnostic","message":"no method named `keyval_sep` found for mutable reference `&mut dyn std::fmt::Write` in the current scope","code":{"code":"E0599","explanation":"This error occurs when a method is used on a type which doesn't implement it:\n\nErroneous code example:\n\n```compile_fail,E0599\nstruct Mouth;\n\nlet x = Mouth;\nx.chocolate(); // error: no method named `chocolate` found for type `Mouth`\n               //        in the current scope\n```\n\nIn this case, you need to implement the `chocolate` method to fix the error:\n\n```\nstruct Mouth;\n\nimpl Mouth {\n    fn chocolate(&self) { // We implement the `chocolate` method here.\n        println!(\"Hmmm! I love chocolate!\");\n    }\n}\n\nlet x = Mouth;\nx.chocolate(); // ok!\n```\n"},"level":"error","spans":[{"file_name":"C:\\Users\\nacho\\.cargo\\registry\\src\\index.crates.io-1949cf8c6b5b557f\\toml_edit-0.24.1+spec-1.1.0\\src\\encode.rs","byte_start":9903,"byte_end":9913,"line_start":322,"line_end":322,"column_start":13,"column_end":23,"is_primary":true,"text":[{"text":"        buf.keyval_sep()?;","highlight_start":13,"highlight_end":23}],"label":"method not found in `&mut dyn std::fmt::Write`","suggested_replacement":null,"suggestion_applicability":null,"expansion":null}],"children":[],"rendered":"\u001b[1m\u001b[91merror[E0599]\u001b[0m\u001b[1m\u001b[97m: no method named `keyval_sep` found for mutable reference `&mut dyn std::fmt::Write` in the current scope\u001b[0m\n   \u001b[1m\u001b[96m--> \u001b[0mC:\\Users\\nacho\\.cargo\\registry\\src\\index.crates.io-1949cf8c6b5b557f\\toml_edit-0.24.1+spec-1.1.0\\src\\encode.rs:322:13\n    \u001b[1m\u001b[96m|\u001b[0m\n\u001b[1m\u001b[96m322\u001b[0m \u001b[1m\u001b[96m|\u001b[0m         buf.keyval_sep()?;\n    \u001b[1m\u001b[96m|\u001b[0m             \u001b[1m\u001b[91m^^^^^^^^^^\u001b[0m \u001b[1m\u001b[91mmethod not found in `&mut dyn std::fmt::Write`\u001b[0m\n\n"}
{"$message_type":"diagnostic","message":"no method named `to_toml_value` found for reference `&i64` in the current scope","code":{"code":"E0599","explanation":"This error occurs when a method is used on a type which doesn't implement it:\n\nErroneous code example:\n\n```compile_fail,E0599\nstruct Mouth;\n\nlet x = Mouth;\nx.chocolate(); // error: no method named `chocolate` found for type `Mouth`\n               //        in the current scope\n```\n\nIn this case, you need to implement the `chocolate` method to fix the error:\n\n```\nstruct Mouth;\n\nimpl Mouth {\n    fn chocolate(&self) { // We implement the `chocolate` method here.\n        println!(\"Hmmm! I love chocolate!\");\n    }\n}\n\nlet x = Mouth;\nx.chocolate(); // ok!\n```\n"},"level":"error","spans":[{"file_name":"C:\\Users\\nacho\\.cargo\\registry\\src\\index.crates.io-1949cf8c6b5b557f\\toml_edit-0.24.1+spec-1.1.0\\src\\encode.rs","byte_start":10339,"byte_end":10352,"line_start":340,"line_end":340,"column_start":25,"column_end":38,"is_primary":true,"text":[{"text":"        let repr = self.to_toml_value();","highlight_start":25,"highlight_end":38}],"label":"method not found in `&i64`","suggested_replacement":null,"suggestion_applicability":null,"expansion":null}],"children":[],"rendered":"\u001b[1m\u001b[91merror[E0599]\u001b[0m\u001b[1m\u001b[97m: no method named `to_toml_value` found for reference `&i64` in the current scope\u001b[0m\n   \u001b[1m\u001b[96m--> \u001b[0mC:\\Users\\nacho\\.cargo\\registry\\src\\index.crates.io-1949cf8c6b5b557f\\toml_edit-0.24.1+spec-1.1.0\\src\\encode.rs:340:25\n    \u001b[1m\u001b[96m|\u001b[0m\n\u001b[1m\u001b[96m340\u001b[0m \u001b[1m\u001b[96m|\u001b[0m         let repr = self.to_toml_value();\n    \u001b[1m\u001b[96m|\u001b[0m                         \u001b[1m\u001b[91m^^^^^^^^^^^^^\u001b[0m \u001b[1m\u001b[91mmethod not found in `&i64`\u001b[0m\n\n"}
{"$message_type":"diagnostic","message":"no method named `to_toml_value` found for reference `&f64` in the current scope","code":{"code":"E0599","explanation":"This error occurs when a method is used on a type which doesn't implement it:\n\nErroneous code example:\n\n```compile_fail,E0599\nstruct Mouth;\n\nlet x = Mouth;\nx.chocolate(); // error: no method named `chocolate` found for type `Mouth`\n               //        in the current scope\n```\n\nIn this case, you need to implement the `chocolate` method to fix the error:\n\n```\nstruct Mouth;\n\nimpl Mouth {\n    fn chocolate(&self) { // We implement the `chocolate` method here.\n        println!(\"Hmmm! I love chocolate!\");\n    }\n}\n\nlet x = Mouth;\nx.chocolate(); // ok!\n```\n"},"level":"error","spans":[{"file_name":"C:\\Users\\nacho\\.cargo\\registry\\src\\index.crates.io-1949cf8c6b5b557f\\toml_edit-0.24.1+spec-1.1.0\\src\\encode.rs","byte_start":10480,"byte_end":10493,"line_start":347,"line_end":347,"column_start":25,"column_end":38,"is_primary":true,"text":[{"text":"        let repr = self.to_toml_value();","highlight_start":25,"highlight_end":38}],"label":"method not found in `&f64`","suggested_replacement":null,"suggestion_applicability":null,"expansion":null}],"children":[],"rendered":"\u001b[1m\u001b[91merror[E0599]\u001b[0m\u001b[1m\u001b[97m: no method named `to_toml_value` found for reference `&f64` in the current scope\u001b[0m\n   \u001b[1m\u001b[96m--> \u001b[0mC:\\Users\\nacho\\.cargo\\registry\\src\\index.crates.io-1949cf8c6b5b557f\\toml_edit-0.24.1+spec-1.1.0\\src\\encode.rs:347:25\n    \u001b[1m\u001b[96m|\u001b[0m\n\u001b[1m\u001b[96m347\u001b[0m \u001b[1m\u001b[96m|\u001b[0m         let repr = self.to_toml_value();\n    \u001b[1m\u001b[96m|\u001b[0m                         \u001b[1m\u001b[91m^^^^^^^^^^^^^\u001b[0m \u001b[1m\u001b[91mmethod not found in `&f64`\u001b[0m\n\n"}
{"$message_type":"diagnostic","message":"no method named `to_toml_value` found for reference `&bool` in the current scope","code":{"code":"E0599","explanation":"This error occurs when a method is used on a type which doesn't implement it:\n\nErroneous code example:\n\n```compile_fail,E0599\nstruct Mouth;\n\nlet x = Mouth;\nx.chocolate(); // error: no method named `chocolate` found for type `Mouth`\n               //        in the current scope\n```\n\nIn this case, you need to implement the `chocolate` method to fix the error:\n\n```\nstruct Mouth;\n\nimpl Mouth {\n    fn chocolate(&self) { // We implement the `chocolate` method here.\n        println!(\"Hmmm! I love chocolate!\");\n    }\n}\n\nlet x = Mouth;\nx.chocolate(); // ok!\n```\n"},"level":"error","spans":[{"file_name":"C:\\Users\\nacho\\.cargo\\registry\\src\\index.crates.io-1949cf8c6b5b557f\\toml_edit-0.24.1+spec-1.1.0\\src\\encode.rs","byte_start":10622,"byte_end":10635,"line_start":354,"line_end":354,"column_start":25,"column_end":38,"is_primary":true,"text":[{"text":"        let repr = self.to_toml_value();","highlight_start":25,"highlight_end":38}],"label":"method not found in `&bool`","suggested_replacement":null,"suggestion_applicability":null,"expansion":null}],"children":[],"rendered":"\u001b[1m\u001b[91merror[E0599]\u001b[0m\u001b[1m\u001b[97m: no method named `to_toml_value` found for reference `&bool` in the current scope\u001b[0m\n   \u001b[1m\u001b[96m--> \u001b[0mC:\\Users\\nacho\\.cargo\\registry\\src\\index.crates.io-1949cf8c6b5b557f\\toml_edit-0.24.1+spec-1.1.0\\src\\encode.rs:354:25\n    \u001b[1m\u001b[96m|\u001b[0m\n\u001b[1m\u001b[96m354\u001b[0m \u001b[1m\u001b[96m|\u001b[0m         let repr = self.to_toml_value();\n    \u001b[1m\u001b[96m|\u001b[0m                         \u001b[1m\u001b[91m^^^^^^^^^^^^^\u001b[0m \u001b[1m\u001b[91mmethod not found in `&bool`\u001b[0m\n\n"}
{"$message_type":"diagnostic","message":"aborting due to 20 previous errors","code":null,"level":"error","spans":[],"children":[],"rendered":"\u001b[1m\u001b[91merror\u001b[0m\u001b[1m\u001b[97m: aborting due to 20 previous errors\u001b[0m\n\n"}
{"$message_type":"diagnostic","message":"Some errors have detailed explanations: E0599, E0786.","code":null,"level":"failure-note","spans":[],"children":[],"rendered":"\u001b[1m\u001b[97mSome errors have detailed explanations: E0599, E0786.\u001b[0m\n"}
{"$message_type":"diagnostic","message":"For more information about an error, try `rustc --explain E0599`.","code":null,"level":"failure-note","spans":[],"children":[],"rendered":"\u001b[1m\u001b[97mFor more information about an error, try `rustc --explain E0599`.\u001b[0m\n"}
